<?xml version="1.0" encoding="UTF-8"?>
<testsuite xmlns:xsi="http://www.w3.org/2001/XMLSchema-instance" xsi:noNamespaceSchemaLocation="https://maven.apache.org/surefire/maven-surefire-plugin/xsd/surefire-test-report.xsd" version="3.0.1" name="es.uva.hilos.CentralitaTest" time="33.19" tests="7" errors="0" skipped="0" failures="0">
  <properties>
    <property name="java.specification.version" value="21"/>
    <property name="sun.jnu.encoding" value="UTF-8"/>
    <property name="java.class.path" value="/home/antonio_agp21/SISTEMAS DISTRIBUIDOS/distribuidos/hilos/practica-centralita/target/test-classes:/home/antonio_agp21/SISTEMAS DISTRIBUIDOS/distribuidos/hilos/practica-centralita/target/classes:/home/antonio_agp21/.m2/repository/uk/org/lidalia/slf4j-test/1.2.0/slf4j-test-1.2.0.jar:/home/antonio_agp21/.m2/repository/uk/org/lidalia/lidalia-lang/1.0.0/lidalia-lang-1.0.0.jar:/home/antonio_agp21/.m2/repository/org/apache/commons/commons-lang3/3.1/commons-lang3-3.1.jar:/home/antonio_agp21/.m2/repository/com/google/guava/guava/14.0.1/guava-14.0.1.jar:/home/antonio_agp21/.m2/repository/uk/org/lidalia/lidalia-slf4j-ext/1.0.0/lidalia-slf4j-ext-1.0.0.jar:/home/antonio_agp21/.m2/repository/joda-time/joda-time/2.2/joda-time-2.2.jar:/home/antonio_agp21/.m2/repository/org/junit/jupiter/junit-jupiter-api/5.11.0/junit-jupiter-api-5.11.0.jar:/home/antonio_agp21/.m2/repository/org/opentest4j/opentest4j/1.3.0/opentest4j-1.3.0.jar:/home/antonio_agp21/.m2/repository/org/junit/platform/junit-platform-commons/1.11.0/junit-platform-commons-1.11.0.jar:/home/antonio_agp21/.m2/repository/org/apiguardian/apiguardian-api/1.1.2/apiguardian-api-1.1.2.jar:/home/antonio_agp21/.m2/repository/org/junit/jupiter/junit-jupiter-params/5.11.0/junit-jupiter-params-5.11.0.jar:/home/antonio_agp21/.m2/repository/org/slf4j/slf4j-api/1.7.22/slf4j-api-1.7.22.jar:/home/antonio_agp21/.m2/repository/org/slf4j/slf4j-simple/1.7.22/slf4j-simple-1.7.22.jar:"/>
    <property name="java.vm.vendor" value="Ubuntu"/>
    <property name="sun.arch.data.model" value="64"/>
    <property name="java.vendor.url" value="https://ubuntu.com/"/>
    <property name="os.name" value="Linux"/>
    <property name="java.vm.specification.version" value="21"/>
    <property name="sun.java.launcher" value="SUN_STANDARD"/>
    <property name="sun.boot.library.path" value="/usr/lib/jvm/java-21-openjdk-amd64/lib"/>
    <property name="sun.java.command" value="/home/antonio_agp21/SISTEMAS DISTRIBUIDOS/distribuidos/hilos/practica-centralita/target/surefire/surefirebooter-20241203185519295_3.jar /home/antonio_agp21/SISTEMAS DISTRIBUIDOS/distribuidos/hilos/practica-centralita/target/surefire 2024-12-03T18-55-18_855-jvmRun1 surefire-20241203185519295_1tmp surefire_0-20241203185519295_2tmp"/>
    <property name="jdk.debug" value="release"/>
    <property name="surefire.test.class.path" value="/home/antonio_agp21/SISTEMAS DISTRIBUIDOS/distribuidos/hilos/practica-centralita/target/test-classes:/home/antonio_agp21/SISTEMAS DISTRIBUIDOS/distribuidos/hilos/practica-centralita/target/classes:/home/antonio_agp21/.m2/repository/uk/org/lidalia/slf4j-test/1.2.0/slf4j-test-1.2.0.jar:/home/antonio_agp21/.m2/repository/uk/org/lidalia/lidalia-lang/1.0.0/lidalia-lang-1.0.0.jar:/home/antonio_agp21/.m2/repository/org/apache/commons/commons-lang3/3.1/commons-lang3-3.1.jar:/home/antonio_agp21/.m2/repository/com/google/guava/guava/14.0.1/guava-14.0.1.jar:/home/antonio_agp21/.m2/repository/uk/org/lidalia/lidalia-slf4j-ext/1.0.0/lidalia-slf4j-ext-1.0.0.jar:/home/antonio_agp21/.m2/repository/joda-time/joda-time/2.2/joda-time-2.2.jar:/home/antonio_agp21/.m2/repository/org/junit/jupiter/junit-jupiter-api/5.11.0/junit-jupiter-api-5.11.0.jar:/home/antonio_agp21/.m2/repository/org/opentest4j/opentest4j/1.3.0/opentest4j-1.3.0.jar:/home/antonio_agp21/.m2/repository/org/junit/platform/junit-platform-commons/1.11.0/junit-platform-commons-1.11.0.jar:/home/antonio_agp21/.m2/repository/org/apiguardian/apiguardian-api/1.1.2/apiguardian-api-1.1.2.jar:/home/antonio_agp21/.m2/repository/org/junit/jupiter/junit-jupiter-params/5.11.0/junit-jupiter-params-5.11.0.jar:/home/antonio_agp21/.m2/repository/org/slf4j/slf4j-api/1.7.22/slf4j-api-1.7.22.jar:/home/antonio_agp21/.m2/repository/org/slf4j/slf4j-simple/1.7.22/slf4j-simple-1.7.22.jar:"/>
    <property name="sun.cpu.endian" value="little"/>
    <property name="user.home" value="/home/antonio_agp21"/>
    <property name="user.language" value="en"/>
    <property name="java.specification.vendor" value="Oracle Corporation"/>
    <property name="java.version.date" value="2024-10-15"/>
    <property name="java.home" value="/usr/lib/jvm/java-21-openjdk-amd64"/>
    <property name="file.separator" value="/"/>
    <property name="basedir" value="/home/antonio_agp21/SISTEMAS DISTRIBUIDOS/distribuidos/hilos/practica-centralita"/>
    <property name="java.vm.compressedOopsMode" value="32-bit"/>
    <property name="line.separator" value="&#10;"/>
    <property name="java.vm.specification.vendor" value="Oracle Corporation"/>
    <property name="java.specification.name" value="Java Platform API Specification"/>
    <property name="surefire.real.class.path" value="/home/antonio_agp21/SISTEMAS DISTRIBUIDOS/distribuidos/hilos/practica-centralita/target/surefire/surefirebooter-20241203185519295_3.jar"/>
    <property name="sun.management.compiler" value="HotSpot 64-Bit Tiered Compilers"/>
    <property name="java.runtime.version" value="21.0.5+11-Ubuntu-1ubuntu122.04"/>
    <property name="user.name" value="antonio_agp21"/>
    <property name="stdout.encoding" value="UTF-8"/>
    <property name="path.separator" value=":"/>
    <property name="os.version" value="5.15.83.1-microsoft-standard-WSL2"/>
    <property name="java.runtime.name" value="OpenJDK Runtime Environment"/>
    <property name="file.encoding" value="UTF-8"/>
    <property name="java.vm.name" value="OpenJDK 64-Bit Server VM"/>
    <property name="localRepository" value="/home/antonio_agp21/.m2/repository"/>
    <property name="java.vendor.url.bug" value="https://bugs.launchpad.net/ubuntu/+source/openjdk-21"/>
    <property name="java.io.tmpdir" value="/tmp"/>
    <property name="java.version" value="21.0.5"/>
    <property name="user.dir" value="/home/antonio_agp21/SISTEMAS DISTRIBUIDOS/distribuidos/hilos/practica-centralita"/>
    <property name="os.arch" value="amd64"/>
    <property name="java.vm.specification.name" value="Java Virtual Machine Specification"/>
    <property name="native.encoding" value="UTF-8"/>
    <property name="java.library.path" value="/usr/java/packages/lib:/usr/lib/x86_64-linux-gnu/jni:/lib/x86_64-linux-gnu:/usr/lib/x86_64-linux-gnu:/usr/lib/jni:/lib:/usr/lib"/>
    <property name="stderr.encoding" value="UTF-8"/>
    <property name="java.vm.info" value="mixed mode, sharing"/>
    <property name="java.vendor" value="Ubuntu"/>
    <property name="java.vm.version" value="21.0.5+11-Ubuntu-1ubuntu122.04"/>
    <property name="sun.io.unicode.encoding" value="UnicodeLittle"/>
    <property name="java.class.version" value="65.0"/>
  </properties>
  <testcase name="testLlamadasMultiplesSimultaneas" classname="es.uva.hilos.CentralitaTest" time="3.108">
    <system-err><![CDATA[SLF4J: Class path contains multiple SLF4J bindings.
SLF4J: Found binding in [jar:file:/home/antonio_agp21/.m2/repository/uk/org/lidalia/slf4j-test/1.2.0/slf4j-test-1.2.0.jar!/org/slf4j/impl/StaticLoggerBinder.class]
SLF4J: Found binding in [jar:file:/home/antonio_agp21/.m2/repository/org/slf4j/slf4j-simple/1.7.22/slf4j-simple-1.7.22.jar!/org/slf4j/impl/StaticLoggerBinder.class]
SLF4J: See http://www.slf4j.org/codes.html#multiple_bindings for an explanation.
SLF4J: Actual binding is of type [uk.org.lidalia.slf4jtest.TestLoggerFactory]
]]></system-err>
  </testcase>
  <testcase name="testTodosEmpleadosOcupados" classname="es.uva.hilos.CentralitaTest" time="10.017"/>
  <testcase name="atiendeLlamadaCuandoSeAnadenEmpleados" classname="es.uva.hilos.CentralitaTest" time="5.006"/>
  <testcase name="testLlamadaDuracionCero" classname="es.uva.hilos.CentralitaTest" time="1.003"/>
  <testcase name="testUnEmpleadoAsincrono" classname="es.uva.hilos.CentralitaTest" time="2.004"/>
  <testcase name="testPrioridadEmpleados" classname="es.uva.hilos.CentralitaTest" time="2.004"/>
  <testcase name="seAtiendenTodasLlamadas" classname="es.uva.hilos.CentralitaTest" time="10.007"/>
</testsuite>